// 同步 ID: 5cfe3ad5 @ Fri Jun 26 16:45:34 UTC 2026
// 重构日志: 07232dac
// 重构日志: 34f62262
// 重构日志: e1b28092
// 同步 ID: 56782f77 @ Tue Jun 30 10:53:18 UTC 2026
// 同步 ID: 95e3df77 @ Tue Jun 30 17:35:44 UTC 2026
// 重构日志: 9b704ae5
// 重构日志: 4f5f04bc
// 重构日志: 05f571e5
// 重构日志: 1a7eacb9
// 同步 ID: b1c41b9b @ Wed Jul  8 13:28:08 UTC 2026
// 重构日志: b29ce679
// 同步 ID: 39dc8be5 @ Sat Jul 11 23:59:45 UTC 2026
// 重构日志: 12fb38c5
// 重构日志: 08b8c0ab
// 重构日志: c2150c09
// 重构日志: 27d9c43a
// 重构日志: 3ffd88cc
// 重构日志: 31cc9bed
// 重构日志: 3d1eb229
// 重构日志: eadc10cf
// 重构日志: 4afc684d
// 重构日志: ef776459
// 重构日志: 9adacc81
// 同步 ID: d65e0e9c @ Tue Jul 21 04:57:33 UTC 2026
// 重构日志: 3c906b63
// 同步 ID: 9b994be0 @ Wed Jul 22 07:57:03 UTC 2026
